<?xml version="1.0" encoding="UTF-8"?>
<testng-results ignored="0" total="1" passed="1" failed="0" skipped="0">
  <reporter-output>
  </reporter-output>
  <suite started-at="2021-11-16T15:26:35 EST" name="Data Driver Basics" finished-at="2021-11-16T15:26:36 EST" duration-ms="1255">
    <groups>
    </groups>
    <test started-at="2021-11-16T15:26:35 EST" name="Test" finished-at="2021-11-16T15:26:36 EST" duration-ms="1255">
      <class name="com.w2a.testcases.LoginTest">
        <test-method is-config="true" signature="setUp()[pri:0, instance:com.w2a.testcases.LoginTest@7d7758be]" started-at="2021-11-16T15:26:25 EST" name="setUp" finished-at="2021-11-16T15:26:35 EST" duration-ms="9398" status="PASS">
          <reporter-output>
          </reporter-output>
        </test-method> <!-- setUp -->
        <test-method signature="loginAsBankManager()[pri:0, instance:com.w2a.testcases.LoginTest@7d7758be]" started-at="2021-11-16T15:26:35 EST" name="loginAsBankManager" finished-at="2021-11-16T15:26:36 EST" duration-ms="1217" status="PASS">
          <reporter-output>
          </reporter-output>
        </test-method> <!-- loginAsBankManager -->
        <test-method is-config="true" signature="tearDown()[pri:0, instance:com.w2a.testcases.LoginTest@7d7758be]" started-at="2021-11-16T15:26:36 EST" name="tearDown" finished-at="2021-11-16T15:26:38 EST" duration-ms="1539" status="PASS">
          <reporter-output>
          </reporter-output>
        </test-method> <!-- tearDown -->
      </class> <!-- com.w2a.testcases.LoginTest -->
    </test> <!-- Test -->
  </suite> <!-- Data Driver Basics -->
</testng-results>
